<?xml version="1.0" encoding="utf-8"?>
<UpgradeLog>
    <Settings>
        <Setting
            Name = "LogFile"
            Value = "Project1.log"
        />
        <Setting
            Name = "GenerateInterfacesForClasses"
            Value = "FALSE"
        />
        <Setting
            Name = "ProjectName"
            Value = "Project1"
        />
        <Setting
            Name = "OutputName"
            Value = "Project1.vbproj"
        />
        <Setting
            Name = "OutputDir"
            Value = "C:\Program Files\Calendar ActiveX Control\Examples\VB\Project1.NET"
        />
        <Setting
            Name = "ProjectPath"
            Value = "C:\Program Files\Calendar ActiveX Control\Examples\VB\Project1.vbp"
        />
        <Setting
            Name = "MigrateProjectTo"
            Value = "0"
        />
    </Settings>
    <File
        OldPath = "C:\Program Files\Calendar ActiveX Control\Examples\VB\Form1.frm"
        NewPath = "C:\Program Files\Calendar ActiveX Control\Examples\VB\Project1.NET\Form1.vb"
        FileType = "Form"
        Upgraded = "True"
    >
        <Section Name = "cbodaycaption_Click" >
            <Issue
                Type = "Runtime"
                Number = "2075"
            >Event cbodaycaption.SelectedIndexChanged may fire when form is initialized.</Issue>
        </Section>
        <Section Name = "cbodayfont_Click" >
            <Issue
                Type = "Runtime"
                Number = "2075"
            >Event cbodayfont.SelectedIndexChanged may fire when form is initialized.</Issue>
        </Section>
        <Section Name = "cbodaytextfont_Click" >
            <Issue
                Type = "Runtime"
                Number = "2075"
            >Event cbodaytextfont.SelectedIndexChanged may fire when form is initialized.</Issue>
        </Section>
        <Section Name = "cbofont_Click" >
            <Issue
                Type = "Runtime"
                Number = "2075"
            >Event cbofont.SelectedIndexChanged may fire when form is initialized.</Issue>
        </Section>
        <Section Name = "cbotextsize_Click" >
            <Issue
                Type = "Runtime"
                Number = "2075"
            >Event cbotextsize.SelectedIndexChanged may fire when form is initialized.</Issue>
        </Section>
        <Section Name = "cmdclearhighrange_Click" >
            <Issue
                Type = "Runtime"
                Number = "1037"
            >Couldn't resolve default property of object i.</Issue>
        </Section>
        <Section Name = "cmdhighrange_Click" >
            <Issue
                Type = "Runtime"
                Number = "1037"
            >Couldn't resolve default property of object i.</Issue>
        </Section>
    </File>
</UpgradeLog>

